<?xml version="1.0" encoding="UTF-8"?>
<!-- Generated by org.testng.reporters.JUnitXMLReporter -->
<testsuite hostname="bogon" ignored="0" name="appium" tests="3" failures="0" timestamp="09 十月 2019 07:39:51 GMT" time="0.043" errors="0">
  <testcase name="testShare" time="0.0" classname="com.cn.gaia.testshare.TestDataDriven"/>
  <testcase name="testShare" time="0.0" classname="com.cn.gaia.testshare.TestDataDriven"/>
  <testcase name="testShare" time="0.001" classname="com.cn.gaia.testshare.TestDataDriven"/>
</testsuite> <!-- appium -->
