<?xml version="1.0" encoding="UTF-8"?>
<!-- Generated by org.testng.reporters.JUnitXMLReporter -->
<testsuite hostname="bogon" ignored="3" name="gaiatest" tests="3" failures="0" timestamp="09 十月 2019 07:44:27 GMT" time="1.348" errors="0">
  <testcase name="testExcelUtilDemo" time="0.0" classname="com.cn.gaia.testshare.TestDataDriven"/>
  <testcase name="testExcelUtilDemo" time="0.0" classname="com.cn.gaia.testshare.TestDataDriven"/>
  <testcase name="testGroup2" time="0.0" classname="com.cn.gaia.testshare.TestGroups"/>
  <testcase name="testGroup3" time="0.0" classname="com.cn.gaia.testshare.TestGroups">
    <ignored/>
  </testcase> <!-- testGroup3 -->
  <testcase name="testDependsOnMethods" time="0.0" classname="com.cn.gaia.testshare.TestGroups">
    <ignored/>
  </testcase> <!-- testDependsOnMethods -->
  <testcase name="testGroup1" time="0.0" classname="com.cn.gaia.testshare.TestGroups">
    <ignored/>
  </testcase> <!-- testGroup1 -->
</testsuite> <!-- gaiatest -->
