<?xml version="1.0" encoding="UTF-8"?>
<testng-results skipped="0" failed="0" ignored="3" total="6" passed="3">
  <reporter-output>
  </reporter-output>
  <suite name="gaia" duration-ms="1348" started-at="2019-10-09T07:44:26Z" finished-at="2019-10-09T07:44:27Z">
    <groups>
    </groups>
    <test name="gaiatest" duration-ms="1348" started-at="2019-10-09T07:44:26Z" finished-at="2019-10-09T07:44:27Z">
      <class name="com.cn.gaia.testshare.TestDataDriven">
        <test-method status="PASS" signature="beforeTest(java.lang.String)[pri:0, instance:com.cn.gaia.testshare.TestDataDriven@23d2a7e8]" name="beforeTest" is-config="true" duration-ms="20" started-at="2019-10-09T07:44:26Z" finished-at="2019-10-09T07:44:26Z">
          <params>
            <param index="0">
              <value>
                <![CDATA[/Users/huangzhijuan/Documents/testcase/testcase.xlsx]]>
              </value>
            </param>
          </params>
          <reporter-output>
          </reporter-output>
        </test-method> <!-- beforeTest -->
        <test-method status="PASS" signature="testExcelUtilDemo(java.lang.String, java.lang.String, java.lang.String)[pri:0, instance:com.cn.gaia.testshare.TestDataDriven@23d2a7e8]" name="testExcelUtilDemo" duration-ms="0" started-at="2019-10-09T07:44:27Z" data-provider="testExcelUtil" finished-at="2019-10-09T07:44:27Z">
          <params>
            <param index="0">
              <value>
                <![CDATA[1]]>
              </value>
            </param>
            <param index="1">
              <value>
                <![CDATA[2]]>
              </value>
            </param>
            <param index="2">
              <value>
                <![CDATA[3]]>
              </value>
            </param>
          </params>
          <reporter-output>
          </reporter-output>
        </test-method> <!-- testExcelUtilDemo -->
        <test-method status="PASS" signature="testExcelUtilDemo(java.lang.String, java.lang.String, java.lang.String)[pri:0, instance:com.cn.gaia.testshare.TestDataDriven@23d2a7e8]" name="testExcelUtilDemo" duration-ms="0" started-at="2019-10-09T07:44:27Z" data-provider="testExcelUtil" finished-at="2019-10-09T07:44:27Z">
          <params>
            <param index="0">
              <value>
                <![CDATA[3]]>
              </value>
            </param>
            <param index="1">
              <value>
                <![CDATA[4]]>
              </value>
            </param>
            <param index="2">
              <value>
                <![CDATA[7]]>
              </value>
            </param>
          </params>
          <reporter-output>
          </reporter-output>
        </test-method> <!-- testExcelUtilDemo -->
      </class> <!-- com.cn.gaia.testshare.TestDataDriven -->
      <class name="com.cn.gaia.testshare.TestGroups">
        <test-method status="PASS" signature="testGroup2()[pri:0, instance:com.cn.gaia.testshare.TestGroups@7a9273a8]" name="testGroup2" duration-ms="0" started-at="2019-10-09T07:44:27Z" finished-at="2019-10-09T07:44:27Z">
          <reporter-output>
          </reporter-output>
        </test-method> <!-- testGroup2 -->
      </class> <!-- com.cn.gaia.testshare.TestGroups -->
    </test> <!-- gaiatest -->
  </suite> <!-- gaia -->
</testng-results>
